<div time="1172630645">

Richard found this
<a href="http://codemines.blogspot.com/2007/02/what-was-that.html">little
  story on the importance of test harnesses.</a> It's worth reading. 

</div>
